
May 31 17:05 : update: added Adhitia Sofyan - Chronicles of You/01 9 Tahun.mp3
May 31 17:05 : update: added Adhitia Sofyan - Chronicles of You/03 Isn't It Obvious.mp3
May 31 17:05 : update: added Adhitia Sofyan - Chronicles of You/04 Invisible Relationship.mp3
May 31 17:05 : update: added Adhitia Sofyan - Chronicles of You/06 Pesan Di Balik Awan.mp3
May 31 17:05 : update: added Adhitia Sofyan - Chronicles of You/07 Analog Camera.mp3
May 31 17:05 : update: added Adhitia Sofyan - Chronicles of You/05 Dunia Paralel.mp3
May 31 17:05 : update: added Adhitia Sofyan - Chronicles of You/02 Across This Million Stars.mp3
May 31 17:05 : avahi: Service 'Music Player @ localh3art' successfully established.
May 31 17:06 : avahi: Service 'Music Player @ localh3art' successfully established.
May 31 17:09 : player: played "Adhitia Sofyan - Chronicles of You/01 9 Tahun.mp3"
Jun 01 01:29 : avahi: Service 'Music Player @ localh3art' successfully established.
Jun 01 01:38 : avahi: Service 'Music Player @ localh3art' successfully established.
Jun 01 01:56 : avahi: Service 'Music Player @ localh3art' successfully established.
Jun 01 11:43 : avahi: Service 'Music Player @ localh3art' successfully established.
Jun 01 11:47 : player: played "Adhitia Sofyan - Chronicles of You/01 9 Tahun.mp3"
Jun 01 11:50 : player: played "Adhitia Sofyan - Chronicles of You/01 9 Tahun.mp3"
Jun 01 11:54 : player: played "Adhitia Sofyan - Chronicles of You/01 9 Tahun.mp3"
Jun 01 12:48 : player: played "Adhitia Sofyan - Chronicles of You/05 Dunia Paralel.mp3"
Jun 01 14:52 : exception: Failed to open audio output
Jun 01 14:53 : exception: Failed to play on "pulse audio" (pulse): suspended
Jun 01 14:53 : exception: Failed to open audio output
Jun 01 14:53 : exception: Failed to play on "pulse audio" (pulse): suspended
Jun 01 14:53 : exception: Failed to play on "pulse audio" (pulse): suspended
Jun 01 14:53 : exception: Failed to play on "pulse audio" (pulse): suspended
Jun 01 14:53 : exception: Failed to play on "pulse audio" (pulse): suspended
Jun 01 14:53 : exception: Failed to open audio output
Jun 01 14:53 : exception: Failed to play on "pulse audio" (pulse): suspended
Jun 01 14:53 : exception: Failed to open audio output
Jun 01 14:53 : exception: Failed to play on "pulse audio" (pulse): suspended
Jun 01 14:53 : exception: Failed to open audio output
Jun 01 14:55 : exception: Failed to play on "pulse audio" (pulse): suspended
Jun 01 14:55 : exception: Failed to open audio output
Jun 01 14:55 : exception: Failed to play on "pulse audio" (pulse): suspended
Jun 01 14:55 : exception: Failed to open audio output
Jun 01 14:55 : exception: Failed to play on "pulse audio" (pulse): suspended
Jun 01 14:55 : exception: Failed to open audio output
Jun 01 14:55 : exception: Failed to play on "pulse audio" (pulse): suspended
Jun 01 14:55 : exception: Failed to open audio output
Jun 01 14:55 : exception: Failed to play on "pulse audio" (pulse): suspended
Jun 01 14:55 : exception: Failed to open audio output
Jun 01 14:55 : exception: Failed to play on "pulse audio" (pulse): suspended
Jun 01 14:55 : exception: Failed to open audio output
Jun 01 14:55 : exception: Failed to play on "pulse audio" (pulse): suspended
Jun 01 14:55 : exception: Failed to open audio output
Jun 01 14:55 : exception: Failed to play on "pulse audio" (pulse): suspended
Jun 01 14:55 : exception: Failed to open audio output
Jun 01 14:55 : exception: Failed to play on "pulse audio" (pulse): suspended
Jun 01 14:55 : exception: Failed to open audio output
Jun 01 14:55 : exception: Failed to play on "pulse audio" (pulse): suspended
Jun 01 14:55 : exception: Failed to open audio output
Jun 01 14:55 : exception: Failed to play on "pulse audio" (pulse): suspended
Jun 01 14:55 : exception: Failed to open audio output
Jun 01 14:55 : exception: Failed to play on "pulse audio" (pulse): suspended
Jun 01 14:55 : exception: Failed to open audio output
Jun 01 14:55 : player: played "Adhitia Sofyan - Chronicles of You/01 9 Tahun.mp3"
Jun 01 14:56 : avahi: Service 'Music Player @ localh3art' successfully established.
Jun 01 15:00 : player: played "Adhitia Sofyan - Chronicles of You/01 9 Tahun.mp3"
Jun 01 15:42 : player: played "Adhitia Sofyan - Chronicles of You/02 Across This Million Stars.mp3"
Jun 01 15:46 : player: played "Adhitia Sofyan - Chronicles of You/01 9 Tahun.mp3"
Jun 01 15:55 : player: played "Adhitia Sofyan - Chronicles of You/01 9 Tahun.mp3"
Jun 01 16:00 : player: played "Adhitia Sofyan - Chronicles of You/05 Dunia Paralel.mp3"
Jun 01 16:18 : player: played "Adhitia Sofyan - Chronicles of You/02 Across This Million Stars.mp3"
Jun 01 16:22 : player: played "Adhitia Sofyan - Chronicles of You/01 9 Tahun.mp3"
Jun 01 16:27 : player: played "Adhitia Sofyan - Chronicles of You/05 Dunia Paralel.mp3"
Jun 01 16:33 : player: played "Adhitia Sofyan - Chronicles of You/02 Across This Million Stars.mp3"
Jun 01 16:37 : player: played "Adhitia Sofyan - Chronicles of You/01 9 Tahun.mp3"
